0 info it worked if it ends with ok
1 verbose cli [ '/Users/A662237/.nvm/versions/node/v7.4.0/bin/node',
1 verbose cli   '/Users/A662237/.nvm/versions/node/v7.4.0/bin/npm',
1 verbose cli   'start' ]
2 info using npm@4.0.5
3 info using node@v7.4.0
4 verbose run-script [ 'prestart', 'start', 'poststart' ]
5 info lifecycle starwars_im_api@1.0.0~prestart: starwars_im_api@1.0.0
6 silly lifecycle starwars_im_api@1.0.0~prestart: no script for prestart, continuing
7 info lifecycle starwars_im_api@1.0.0~start: starwars_im_api@1.0.0
8 verbose lifecycle starwars_im_api@1.0.0~start: unsafe-perm in lifecycle true
9 verbose lifecycle starwars_im_api@1.0.0~start: PATH: /Users/A662237/.nvm/versions/node/v7.4.0/lib/node_modules/npm/bin/node-gyp-bin:/Users/A662237/Development/github/starwars_im_api/node_modules/.bin:/usr/local/Cellar/pyenv-virtualenv/HEAD-252d676/shims:/Users/A662237/.pyenv/shims:/Users/A662237/.rbenv/shims:/Users/A662237/.cargo/bin/rustup:/Users/A662237/.rbenv/bin:/Users/A662237/bin/wmssh:/Users/A662237/.nvm/versions/node/v7.4.0/bin:/Users/A662237/.cargo/bin:/usr/local/bin:/usr/local/sbin:/usr/bin:/bin:/usr/sbin:/sbin:/opt/X11/bin:/usr/local/go/bin:/usr/local/MacGPG2/bin:/Library/Frameworks/Mono.framework/Versions/Current/Commands:/usr/local/Cellar/pyenv-virtualenv/HEAD-252d676/shims:/Users/A662237/.pyenv/shims:/Users/A662237/.rbenv/shims:/Users/A662237/.cargo/bin/rustup:/Users/A662237/.rbenv/bin:/Users/A662237/bin/wmssh:/Users/A662237/.cargo/bin
10 verbose lifecycle starwars_im_api@1.0.0~start: CWD: /Users/A662237/Development/github/starwars_im_api
11 silly lifecycle starwars_im_api@1.0.0~start: Args: [ '-c', 'node-es6 server' ]
12 silly lifecycle starwars_im_api@1.0.0~start: Returned: code: 1  signal: null
13 info lifecycle starwars_im_api@1.0.0~start: Failed to exec start script
14 verbose stack Error: starwars_im_api@1.0.0 start: `node-es6 server`
14 verbose stack Exit status 1
14 verbose stack     at EventEmitter.<anonymous> (/Users/A662237/.nvm/versions/node/v7.4.0/lib/node_modules/npm/lib/utils/lifecycle.js:279:16)
14 verbose stack     at emitTwo (events.js:106:13)
14 verbose stack     at EventEmitter.emit (events.js:191:7)
14 verbose stack     at ChildProcess.<anonymous> (/Users/A662237/.nvm/versions/node/v7.4.0/lib/node_modules/npm/lib/utils/spawn.js:40:14)
14 verbose stack     at emitTwo (events.js:106:13)
14 verbose stack     at ChildProcess.emit (events.js:191:7)
14 verbose stack     at maybeClose (internal/child_process.js:885:16)
14 verbose stack     at Process.ChildProcess._handle.onexit (internal/child_process.js:226:5)
15 verbose pkgid starwars_im_api@1.0.0
16 verbose cwd /Users/A662237/Development/github/starwars_im_api
17 error Darwin 15.6.0
18 error argv "/Users/A662237/.nvm/versions/node/v7.4.0/bin/node" "/Users/A662237/.nvm/versions/node/v7.4.0/bin/npm" "start"
19 error node v7.4.0
20 error npm  v4.0.5
21 error code ELIFECYCLE
22 error starwars_im_api@1.0.0 start: `node-es6 server`
22 error Exit status 1
23 error Failed at the starwars_im_api@1.0.0 start script 'node-es6 server'.
23 error Make sure you have the latest version of node.js and npm installed.
23 error If you do, this is most likely a problem with the starwars_im_api package,
23 error not with npm itself.
23 error Tell the author that this fails on your system:
23 error     node-es6 server
23 error You can get information on how to open an issue for this project with:
23 error     npm bugs starwars_im_api
23 error Or if that isn't available, you can get their info via:
23 error     npm owner ls starwars_im_api
23 error There is likely additional logging output above.
24 verbose exit [ 1, true ]
